#
# There is insufficient memory for the Java Runtime Environment to continue.
# Native memory allocation (malloc) failed to allocate 113920 bytes for Chunk::new
# Possible reasons:
#   The system is out of physical RAM or swap space
#   In 32 bit mode, the process size limit was hit
# Possible solutions:
#   Reduce memory load on the system
#   Increase physical memory or swap space
#   Check if swap backing store is full
#   Use 64 bit Java on a 64 bit OS
#   Decrease Java heap size (-Xmx/-Xms)
#   Decrease number of Java threads
#   Decrease Java thread stack sizes (-Xss)
#   Set larger code cache with -XX:ReservedCodeCacheSize=
# This output file may be truncated or incomplete.
#
#  Out of Memory Error (allocation.cpp:390), pid=8720, tid=0x0000000000001488
#
# JRE version: Java(TM) SE Runtime Environment (8.0_101-b13) (build 1.8.0_101-b13)
# Java VM: Java HotSpot(TM) 64-Bit Server VM (25.101-b13 mixed mode windows-amd64 compressed oops)
# Failed to write core dump. Minidumps are not enabled by default on client versions of Windows
#

---------------  T H R E A D  ---------------

Current thread (0x000000001540c800):  JavaThread "C2 CompilerThread0" daemon [_thread_in_native, id=5256, stack(0x0000000016a40000,0x0000000016b40000)]

Stack: [0x0000000016a40000,0x0000000016b40000]
[error occurred during error reporting (printing stack bounds), id 0xc0000005]

Native frames: (J=compiled Java code, j=interpreted, Vv=VM code, C=native code)


Current CompileTask:
C2:  10817 1645       4       com.android.dx.ssa.SsaBasicBlock::newFromRop (183 bytes)


---------------  P R O C E S S  ---------------

Java Threads: ( => current thread )
  0x0000000016faf000 JavaThread "pool-2-thread-3" [_thread_in_Java, id=4916, stack(0x0000000017640000,0x0000000017740000)]
  0x0000000016faa800 JavaThread "pool-3-thread-1" [_thread_blocked, id=1352, stack(0x0000000017440000,0x0000000017540000)]
  0x0000000016d7d800 JavaThread "Service Thread" daemon [_thread_blocked, id=1900, stack(0x0000000017140000,0x0000000017240000)]
  0x000000001541f000 JavaThread "C1 CompilerThread2" daemon [_thread_blocked, id=6716, stack(0x0000000016c40000,0x0000000016d40000)]
  0x0000000015414000 JavaThread "C2 CompilerThread1" daemon [_thread_in_native, id=1088, stack(0x0000000016b40000,0x0000000016c40000)]
=>0x000000001540c800 JavaThread "C2 CompilerThread0" daemon [_thread_in_native, id=5256, stack(0x0000000016a40000,0x0000000016b40000)]
  0x000000001540b000 JavaThread "Attach Listener" daemon [_thread_blocked, id=3536, stack(0x0000000016940000,0x0000000016a40000)]
  0x0000000015409800 JavaThread "Signal Dispatcher" daemon [_thread_blocked, id=7616, stack(0x0000000016840000,0x0000000016940000)]
  0x00000000153fa800 JavaThread "Finalizer" daemon [_thread_blocked, id=1332, stack(0x0000000016660000,0x0000000016760000)]
  0x0000000002d2f800 JavaThread "Reference Handler" daemon [_thread_blocked, id=7316, stack(0x0000000016560000,0x0000000016660000)]
  0x0000000002b3e000 JavaThread "main" [_thread_blocked, id=9036, stack(0x0000000002b40000,0x0000000002c40000)]

Other Threads:
  0x00000000153d7800 VMThread [stack: 0x0000000016460000,0x0000000016560000] [id=6756]
  0x0000000016d82800 WatcherThread [stack: 0x0000000017240000,0x0000000017340000] [id=5024]

VM state:not at safepoint (normal execution)

VM Mutex/Monitor currently owned by a thread: None

Heap:
 PSYoungGen      total 71680K, used 28368K [0x00000000eab00000, 0x00000000ef600000, 0x0000000100000000)
  eden space 66560K, 34% used [0x00000000eab00000,0x00000000ec1b5838,0x00000000eec00000)
  from space 5120K, 99% used [0x00000000ef100000,0x00000000ef5feaa8,0x00000000ef600000)
  to   space 5120K, 0% used [0x00000000eec00000,0x00000000eec00000,0x00000000ef100000)
 ParOldGen       total 87552K, used 4461K [0x00000000c0000000, 0x00000000c5580000, 0x00000000eab00000)
  object space 87552K, 5% used [0x00000000c0000000,0x00000000c045b750,0x00000000c5580000)
 Metaspace       used 6148K, capacity 7088K, committed 7296K, reserved 1056768K
  class space    used 591K, capacity 616K, committed 640K, reserved 1048576K

Card table byte_map: [0x0000000012100000,0x0000000012310000] byte_map_base: 0x0000000011b00000

Marking Bits: (ParMarkBitMap*) 0x000000005fdda6d0
 Begin Bits: [0x0000000012870000, 0x0000000013870000)
 End Bits:   [0x0000000013870000, 0x0000000014870000)

Polling page: 0x0000000002a50000

CodeCache: size=245760Kb used=7287Kb max_used=7301Kb free=238472Kb
 bounds [0x0000000002d40000, 0x0000000003470000, 0x0000000011d40000]
 total_blobs=2014 nmethods=1750 adapters=176
 compilation: enabled

Compilation events (10 events):
Event: 10.653 Thread 0x000000001541f000 nmethod 1690 0x0000000003405c10 code [0x0000000003405d80, 0x0000000003405fa8]
Event: 10.660 Thread 0x000000001541f000 1692       3       com.android.dx.command.dexer.Main::access$1802 (6 bytes)
Event: 10.660 Thread 0x000000001541f000 nmethod 1692 0x0000000003406050 code [0x00000000034061a0, 0x00000000034062f0]
Event: 10.660 Thread 0x000000001541f000 1693       3       com.android.dx.command.dexer.Main::access$2002 (6 bytes)
Event: 10.660 Thread 0x000000001541f000 nmethod 1693 0x0000000003406390 code [0x00000000034064e0, 0x0000000003406630]
Event: 10.660 Thread 0x000000001541f000 1694   !   3       java.util.zip.ZipFile::releaseInflater (41 bytes)
Event: 10.661 Thread 0x000000001541f000 nmethod 1694 0x00000000034066d0 code [0x0000000003406880, 0x0000000003406f98]
Event: 10.671 Thread 0x000000001541f000 1695       3       java.util.concurrent.FutureTask::done (1 bytes)
Event: 10.671 Thread 0x000000001541f000 nmethod 1695 0x000000000340d9d0 code [0x000000000340db20, 0x000000000340dc70]
Event: 10.674 Thread 0x000000001541f000 1696   !   3       java.util.concurrent.locks.AbstractQueuedSynchronizer::acquireQueued (93 bytes)

GC Heap History (4 events):
Event: 7.279 GC heap before
{Heap before GC invocations=1 (full 0):
 PSYoungGen      total 38400K, used 33280K [0x00000000eab00000, 0x00000000ed580000, 0x0000000100000000)
  eden space 33280K, 100% used [0x00000000eab00000,0x00000000ecb80000,0x00000000ecb80000)
  from space 5120K, 0% used [0x00000000ed080000,0x00000000ed080000,0x00000000ed580000)
  to   space 5120K, 0% used [0x00000000ecb80000,0x00000000ecb80000,0x00000000ed080000)
 ParOldGen       total 87552K, used 0K [0x00000000c0000000, 0x00000000c5580000, 0x00000000eab00000)
  object space 87552K, 0% used [0x00000000c0000000,0x00000000c0000000,0x00000000c5580000)
 Metaspace       used 5901K, capacity 6960K, committed 7040K, reserved 1056768K
  class space    used 589K, capacity 616K, committed 640K, reserved 1048576K
Event: 7.552 GC heap after
Heap after GC invocations=1 (full 0):
 PSYoungGen      total 38400K, used 5109K [0x00000000eab00000, 0x00000000ef600000, 0x0000000100000000)
  eden space 33280K, 0% used [0x00000000eab00000,0x00000000eab00000,0x00000000ecb80000)
  from space 5120K, 99% used [0x00000000ecb80000,0x00000000ed07d650,0x00000000ed080000)
  to   space 5120K, 0% used [0x00000000ef100000,0x00000000ef100000,0x00000000ef600000)
 ParOldGen       total 87552K, used 770K [0x00000000c0000000, 0x00000000c5580000, 0x00000000eab00000)
  object space 87552K, 0% used [0x00000000c0000000,0x00000000c00c0b28,0x00000000c5580000)
 Metaspace       used 5901K, capacity 6960K, committed 7040K, reserved 1056768K
  class space    used 589K, capacity 616K, committed 640K, reserved 1048576K
}
Event: 9.979 GC heap before
{Heap before GC invocations=2 (full 0):
 PSYoungGen      total 38400K, used 38389K [0x00000000eab00000, 0x00000000ef600000, 0x0000000100000000)
  eden space 33280K, 100% used [0x00000000eab00000,0x00000000ecb80000,0x00000000ecb80000)
  from space 5120K, 99% used [0x00000000ecb80000,0x00000000ed07d650,0x00000000ed080000)
  to   space 5120K, 0% used [0x00000000ef100000,0x00000000ef100000,0x00000000ef600000)
 ParOldGen       total 87552K, used 770K [0x00000000c0000000, 0x00000000c5580000, 0x00000000eab00000)
  object space 87552K, 0% used [0x00000000c0000000,0x00000000c00c0b28,0x00000000c5580000)
 Metaspace       used 6092K, capacity 7088K, committed 7296K, reserved 1056768K
  class space    used 590K, capacity 616K, committed 640K, reserved 1048576K
Event: 10.451 GC heap after
Heap after GC invocations=2 (full 0):
 PSYoungGen      total 71680K, used 5114K [0x00000000eab00000, 0x00000000ef600000, 0x0000000100000000)
  eden space 66560K, 0% used [0x00000000eab00000,0x00000000eab00000,0x00000000eec00000)
  from space 5120K, 99% used [0x00000000ef100000,0x00000000ef5feaa8,0x00000000ef600000)
  to   space 5120K, 0% used [0x00000000eec00000,0x00000000eec00000,0x00000000ef100000)
 ParOldGen       total 87552K, used 4461K [0x00000000c0000000, 0x00000000c5580000, 0x00000000eab00000)
  object space 87552K, 5% used [0x00000000c0000000,0x00000000c045b750,0x00000000c5580000)
 Metaspace       used 6092K, capacity 7088K, committed 7296K, reserved 1056768K
  class space    used 590K, capacity 616K, committed 640K, reserved 1048576K
}

Deoptimization events (10 events):
Event: 6.445 Thread 0x0000000016fad800 Uncommon trap: reason=class_check action=maybe_recompile pc=0x0000000002fe79d4 method=com.android.dx.ssa.NormalSsaInsn.accept(Lcom/android/dx/ssa/SsaInsn$Visitor;)V @ 9
Event: 6.754 Thread 0x0000000016fa5000 Uncommon trap: reason=class_check action=maybe_recompile pc=0x0000000002fe79d4 method=com.android.dx.ssa.NormalSsaInsn.accept(Lcom/android/dx/ssa/SsaInsn$Visitor;)V @ 9
Event: 6.754 Thread 0x0000000016fa5000 Uncommon trap: reason=class_check action=maybe_recompile pc=0x0000000002fe79d4 method=com.android.dx.ssa.NormalSsaInsn.accept(Lcom/android/dx/ssa/SsaInsn$Visitor;)V @ 9
Event: 6.754 Thread 0x0000000016fa5000 Uncommon trap: reason=class_check action=maybe_recompile pc=0x0000000002fa57f0 method=com.android.dx.ssa.NormalSsaInsn.accept(Lcom/android/dx/ssa/SsaInsn$Visitor;)V @ 9
Event: 8.255 Thread 0x0000000016f8d800 Uncommon trap: reason=null_check action=make_not_entrant pc=0x00000000031c8a24 method=com.android.dx.ssa.SsaRenamer.getLocalForNewReg(I)Lcom/android/dx/rop/code/LocalItem; @ 19
Event: 8.864 Thread 0x0000000016f8d800 Uncommon trap: reason=unstable_if action=reinterpret pc=0x000000000326a4dc method=com.android.dx.ssa.SCCP.simulateBranch(Lcom/android/dx/ssa/SsaInsn;)V @ 107
Event: 8.901 Thread 0x0000000016fa5000 Uncommon trap: reason=null_check action=make_not_entrant pc=0x00000000032248e8 method=com.android.dx.rop.type.Type.equals(Ljava/lang/Object;)Z @ 8
Event: 8.951 Thread 0x0000000016f8d800 Uncommon trap: reason=unstable_if action=reinterpret pc=0x0000000003121b20 method=com.android.dx.rop.code.RegisterSpecSet.<init>(I)V @ 2
Event: 9.760 Thread 0x0000000016fa5000 Uncommon trap: reason=unstable_if action=reinterpret pc=0x0000000003319c98 method=com.android.dx.rop.code.RegisterSpecSet.localItemToSpec(Lcom/android/dx/rop/code/LocalItem;)Lcom/android/dx/rop/code/RegisterSpec; @ 35
Event: 9.762 Thread 0x0000000016fa5000 Uncommon trap: reason=unstable_if action=reinterpret pc=0x00000000032e36e0 method=com.android.dx.rop.code.RegisterSpecSet.localItemToSpec(Lcom/android/dx/rop/code/LocalItem;)Lcom/android/dx/rop/code/RegisterSpec; @ 35

Internal exceptions (4 events):
Event: 0.105 Thread 0x0000000002b3e000 Exception <a 'java/lang/NoSuchMethodError': Method sun.misc.Unsafe.defineClass(Ljava/lang/String;[BII)Ljava/lang/Class; name or signature does not match> (0x00000000eab07cc0) thrown at [C:\re\workspace\8-2-build-windows-amd64-cygwin\jdk8u101\7261\hotspot\s£Þh5ìæº?
Event: 0.105 Thread 0x0000000002b3e000 Exception <a 'java/lang/NoSuchMethodError': Method sun.misc.Unsafe.prefetchRead(Ljava/lang/Object;J)V name or signature does not match> (0x00000000eab07fa8) thrown at [C:\re\workspace\8-2-build-windows-amd64-cygwin\jdk8u101\7261\hotspot\src\share\vm\prims\d’é”Ã‚ @
Event: 8.255 Thread 0x0000000016f8d800 Implicit null exception at 0x00000000031c7860 to 0x00000000031c89d9
Event: 8.901 Thread 0x0000000016fa5000 Implicit null exception at 0x00000000032247e2 to 0x00000000032248da

Events (10 events):
Event: 9.760 Thread 0x0000000016fa5000 Uncommon trap: trap_request=0xffffff65 fr.pc=0x0000000003319c98
Event: 9.760 Thread 0x0000000016fa5000 DEOPT PACKING pc=0x0000000003319c98 sp=0x000000001743eb10
Event: 9.760 Thread 0x0000000016fa5000 DEOPT UNPACKING pc=0x0000000002d8582a sp=0x000000001743ea48 mode 2
Event: 9.762 Thread 0x0000000016fa5000 Uncommon trap: trap_request=0xffffff65 fr.pc=0x00000000032e36e0
Event: 9.762 Thread 0x0000000016fa5000 DEOPT PACKING pc=0x00000000032e36e0 sp=0x000000001743ea80
Event: 9.762 Thread 0x0000000016fa5000 DEOPT UNPACKING pc=0x0000000002d8582a sp=0x000000001743ea30 mode 2
Event: 9.766 Executing VM operation: ParallelGCFailedAllocation
Event: 10.451 Executing VM operation: ParallelGCFailedAllocation done
Event: 10.598 Thread 0x0000000016f8d800 DEOPT PACKING pc=0x0000000003071843 sp=0x000000001783ec60
Event: 10.598 Thread 0x0000000016f8d800 DEOPT UNPACKING pc=0x0000000002d8787f sp=0x000000001783e9e0 mode 0


Dynamic libraries:
0x00007ff741060000 - 0x00007ff741097000 	C:\Program Files\Java\jdk1.8.0_101\bin\java.exe
0x00007ffe1ee20000 - 0x00007ffe1efcd000 	C:\WINDOWS\SYSTEM32\ntdll.dll
0x00007ffe1ca20000 - 0x00007ffe1cb5e000 	C:\WINDOWS\system32\KERNEL32.DLL
0x00007ffe1c010000 - 0x00007ffe1c125000 	C:\WINDOWS\system32\KERNELBASE.dll
0x00007ffe1ab00000 - 0x00007ffe1ab8e000 	C:\WINDOWS\system32\apphelp.dll
0x00007ffe08a10000 - 0x00007ffe08a63000 	C:\WINDOWS\AppPatch\AppPatch64\AcGenral.DLL
0x00007ffe1cc30000 - 0x00007ffe1ccda000 	C:\WINDOWS\system32\msvcrt.dll
0x00007ffe1c470000 - 0x00007ffe1c49e000 	C:\WINDOWS\system32\SspiCli.dll
0x00007ffe1c890000 - 0x00007ffe1c8e4000 	C:\WINDOWS\system32\SHLWAPI.dll
0x00007ffe1eaf0000 - 0x00007ffe1ec67000 	C:\WINDOWS\system32\USER32.dll
0x00007ffe1ec80000 - 0x00007ffe1ee14000 	C:\WINDOWS\system32\ole32.dll
0x00007ffe1cfc0000 - 0x00007ffe1e4e8000 	C:\WINDOWS\system32\SHELL32.dll
0x00007ffe1b500000 - 0x00007ffe1b521000 	C:\WINDOWS\SYSTEM32\USERENV.dll
0x00007ffe1c970000 - 0x00007ffe1ca1a000 	C:\WINDOWS\system32\ADVAPI32.dll
0x00007ffe10550000 - 0x00007ffe1056e000 	C:\WINDOWS\SYSTEM32\MPR.dll
0x00007ffe1c4a0000 - 0x00007ffe1c5e0000 	C:\WINDOWS\system32\RPCRT4.dll
0x00007ffe1c910000 - 0x00007ffe1c969000 	C:\WINDOWS\SYSTEM32\sechost.dll
0x00007ffe1e5c0000 - 0x00007ffe1e7d1000 	C:\WINDOWS\SYSTEM32\combase.dll
0x00007ffe1c740000 - 0x00007ffe1c88f000 	C:\WINDOWS\system32\GDI32.dll
0x00007ffe1bf40000 - 0x00007ffe1bf55000 	C:\WINDOWS\SYSTEM32\profapi.dll
0x00007ffe1a0f0000 - 0x00007ffe1a1a2000 	C:\WINDOWS\SYSTEM32\SHCORE.dll
0x00007ffe1cf60000 - 0x00007ffe1cf96000 	C:\WINDOWS\system32\IMM32.DLL
0x00007ffe1c5e0000 - 0x00007ffe1c732000 	C:\WINDOWS\system32\MSCTF.dll
0x00007ffe196f0000 - 0x00007ffe1996b000 	C:\WINDOWS\WinSxS\amd64_microsoft.windows.common-controls_6595b64144ccf1df_6.0.9600.18006_none_623f33d3ecbe86e8\COMCTL32.dll
0x000000005f130000 - 0x000000005f202000 	C:\Program Files\Java\jdk1.8.0_101\jre\bin\msvcr100.dll
0x000000005f5c0000 - 0x000000005fe5a000 	C:\Program Files\Java\jdk1.8.0_101\jre\bin\server\jvm.dll
0x00007ffe1a2c0000 - 0x00007ffe1a2c9000 	C:\WINDOWS\SYSTEM32\WSOCK32.dll
0x00007ffe13a60000 - 0x00007ffe13a82000 	C:\WINDOWS\SYSTEM32\WINMM.dll
0x00007ffe14eb0000 - 0x00007ffe14eba000 	C:\WINDOWS\SYSTEM32\VERSION.dll
0x00007ffe1c900000 - 0x00007ffe1c907000 	C:\WINDOWS\system32\PSAPI.DLL
0x00007ffe1e7e0000 - 0x00007ffe1e83a000 	C:\WINDOWS\system32\WS2_32.dll
0x00007ffe13a30000 - 0x00007ffe13a5a000 	C:\WINDOWS\SYSTEM32\WINMMBASE.dll
0x00007ffe1cc20000 - 0x00007ffe1cc29000 	C:\WINDOWS\system32\NSI.dll
0x00007ffe1c420000 - 0x00007ffe1c46f000 	C:\WINDOWS\SYSTEM32\cfgmgr32.dll
0x00007ffe1ad50000 - 0x00007ffe1ad78000 	C:\WINDOWS\SYSTEM32\DEVOBJ.dll
0x000000005f5b0000 - 0x000000005f5bf000 	C:\Program Files\Java\jdk1.8.0_101\jre\bin\verify.dll
0x000000005f580000 - 0x000000005f5a9000 	C:\Program Files\Java\jdk1.8.0_101\jre\bin\java.dll
0x000000005f560000 - 0x000000005f576000 	C:\Program Files\Java\jdk1.8.0_101\jre\bin\zip.dll

VM Arguments:
jvm_args: -Djava.awt.headless=true -Xmx1024M -Dfile.encoding=windows-1252 -Duser.country=US -Duser.language=en -Duser.variant 
java_command: com.android.dx.command.Main --dex --force-jumbo --num-threads=4 --multi-dex --output E:\Newfolder\TaskFour\app\build\intermediates\transforms\dex\debug\folders\1000\10\internal_impl-25.0.1_d385d8044e576e7dc05f3420dc6c1ca134907897 E:\Newfolder\TaskFour\app\build\intermediates\exploded-aar\com.android.support\support-compat\25.0.1\jars\libs\internal_impl-25.0.1.jar
java_class_path (initial): F:\Sdksetup\build-tools\24.0.2\lib\dx.jar
Launcher Type: SUN_STANDARD

Environment Variables:
JAVA_HOME=C:\Program Files\Java\jdk1.8.0_101
PATH=C:\ProgramData\Oracle\Java\javapath;C:\WINDOWS\system32;C:\WINDOWS;C:\WINDOWS\System32\Wbem;C:\WINDOWS\System32\WindowsPowerShell\v1.0\;C:\Program Files (x86)\Skype\Phone\;C:\Program Files (x86)\Windows Kits\8.1\Windows Performance Toolkit\;C:\Program Files\Microsoft SQL Server\110\Tools\Binn\;C:\Program Files (x86)\Microsoft SQL Server\100\Tools\Binn\;C:\Program Files\Microsoft SQL Server\100\Tools\Binn\;C:\Program Files\Microsoft SQL Server\100\DTS\Binn\;C:\Program Files (x86)\Microsoft SQL Server\100\Tools\Binn\VSShell\Common7\IDE\;C:\Program Files (x86)\Microsoft Visual Studio 9.0\Common7\IDE\PrivateAssemblies\;C:\Program Files (x86)\Microsoft SQL Server\100\DTS\Binn\;C:\Program Files (x86)\NetMake\v81\components\php;C:\Program Files\MySQL\MySQL Utilities 1.6\
USERNAME=CH_M_USMAN
OS=Windows_NT
PROCESSOR_IDENTIFIER=Intel64 Family 6 Model 69 Stepping 1, GenuineIntel



---------------  S Y S T E M  ---------------

OS: Windows 8.1 , 64 bit Build 9600 (6.3.9600.17415)

CPU:total 4 (2 cores per cpu, 2 threads per core) family 6 model 69 stepping 1, cmov, cx8, fxsr, mmx, sse, sse2, sse3, ssse3, sse4.1, sse4.2, popcnt, avx, avx2, aes, clmul, erms, lzcnt, ht, tsc, tscinvbit, bmi1, bmi2

Memory: 4k page, physical 8313132k(821004k free), swap 10605916k(5524k free)

vm_info: Java HotSpot(TM) 64-Bit Server VM (25.101-b13) for windows-amd64 JRE (1.8.0_101-b13), built on Jun 22 2016 01:21:29 by "java_re" with MS VC++ 10.0 (VS2010)

time: Wed May 03 15:50:19 2017
elapsed time: 11 seconds (0d 0h 0m 11s)

